** ComfyUI startup time: 2024-02-05 02:07:25.239196
[2024-02-05 02:07] ** Platform: Darwin
[2024-02-05 02:07] ** Python version: 3.10.0 (v3.10.0:b494f5935c, Oct  4 2021, 14:59:19) [Clang 12.0.5 (clang-1205.0.22.11)]
[2024-02-05 02:07] ** Python executable: /Users/aoneko/Documents/Stable Diffusion/stable-diffusion-webui/venv/bin/python
[2024-02-05 02:07] ** Log path: /Users/aoneko/Documents/Stable Diffusion/Blender_ComfyUI/ComfyUI/comfyui.log
[2024-02-05 02:07] 
Prestartup times for custom nodes:
[2024-02-05 02:07]    0.0 seconds: /Users/aoneko/Documents/Stable Diffusion/Blender_ComfyUI/ComfyUI/custom_nodes/rgthree-comfy
[2024-02-05 02:07]    0.0 seconds: /Users/aoneko/Documents/Stable Diffusion/Blender_ComfyUI/ComfyUI/custom_nodes/ComfyUI-Manager
[2024-02-05 02:07] 
[2024-02-05 02:07] Total VRAM 24576 MB, total RAM 24576 MB
[2024-02-05 02:07] Set vram state to: SHARED
[2024-02-05 02:07] Device: mps
[2024-02-05 02:07] VAE dtype: torch.float32
[2024-02-05 02:07] Using sub quadratic optimization for cross attention, if you have memory or speed issues try using: --use-split-cross-attention
[2024-02-05 02:07] ### Loading: ComfyUI-Manager (V2.7)
[2024-02-05 02:07] 

## [WARN] ComfyUI-Manager: Your ComfyUI version (1878)[2024-01-04] is too old. Please update to the latest version. ##

[2024-02-05 02:07] 
[2024-02-05 02:07] ### ComfyUI Revision: 1878 [6d281b4f] | Released on '2024-01-04'
Exception in thread [2024-02-05 02:07] [ComfyUI_zfkun] [1;35mcheck start[0mThread-1 (<lambda>)
:
[2024-02-05 02:07] Traceback (most recent call last):
[2024-02-05 02:07]   File "/Users/aoneko/Documents/Stable Diffusion/stable-diffusion-webui/venv/lib/python3.10/site-packages/aiohttp/connector.py", line 992, in _wrap_create_connection
[2024-02-05 02:07]     return await self._loop.create_connection(*args, **kwargs)
[2024-02-05 02:07]   File "/Library/Frameworks/Python.framework/Versions/3.10/lib/python3.10/asyncio/base_events.py", line 1055, in create_connection
[2024-02-05 02:07]     raise exceptions[0]
[2024-02-05 02:07]   File "/Library/Frameworks/Python.framework/Versions/3.10/lib/python3.10/asyncio/base_events.py", line 1040, in create_connection
[2024-02-05 02:07]     sock = await self._connect_sock(
[2024-02-05 02:07]   File "/Library/Frameworks/Python.framework/Versions/3.10/lib/python3.10/asyncio/base_events.py", line 954, in _connect_sock
[2024-02-05 02:07]     await self.sock_connect(sock, address)
[2024-02-05 02:07]   File "/Library/Frameworks/Python.framework/Versions/3.10/lib/python3.10/asyncio/selector_events.py", line 502, in sock_connect
[2024-02-05 02:07]     return await fut
[2024-02-05 02:07]   File "/Library/Frameworks/Python.framework/Versions/3.10/lib/python3.10/asyncio/selector_events.py", line 537, in _sock_connect_cb
[2024-02-05 02:07]     raise OSError(err, f'Connect call failed {address}')
[2024-02-05 02:07] ConnectionRefusedError: [Errno 61] Connect call failed ('0.0.0.0', 443)
[2024-02-05 02:07] 
The above exception was the direct cause of the following exception:

[2024-02-05 02:07] Traceback (most recent call last):
[2024-02-05 02:07]   File "/Library/Frameworks/Python.framework/Versions/3.10/lib/python3.10/threading.py", line 1009, in _bootstrap_inner
[2024-02-05 02:07]     self.run()
[2024-02-05 02:07]   File "/Library/Frameworks/Python.framework/Versions/3.10/lib/python3.10/threading.py", line 946, in run
[2024-02-05 02:07]     self._target(*self._args, **self._kwargs)
[2024-02-05 02:07]   File "/Users/aoneko/Documents/Stable Diffusion/Blender_ComfyUI/ComfyUI/custom_nodes/ComfyUI-Manager/__init__.py", line 2353, in <lambda>
[2024-02-05 02:07]     threading.Thread(target=lambda: asyncio.run(default_cache_update())).start()
[2024-02-05 02:07]   File "/Library/Frameworks/Python.framework/Versions/3.10/lib/python3.10/asyncio/runners.py", line 44, in run
[2024-02-05 02:07]     return loop.run_until_complete(main)
[2024-02-05 02:07]   File "/Library/Frameworks/Python.framework/Versions/3.10/lib/python3.10/asyncio/base_events.py", line 641, in run_until_complete
[2024-02-05 02:07]     return future.result()
[2024-02-05 02:07]   File "/Users/aoneko/Documents/Stable Diffusion/Blender_ComfyUI/ComfyUI/custom_nodes/ComfyUI-Manager/__init__.py", line 2350, in default_cache_update
[2024-02-05 02:07]     await asyncio.gather(a, b, c, d)
[2024-02-05 02:07]   File "/Users/aoneko/Documents/Stable Diffusion/Blender_ComfyUI/ComfyUI/custom_nodes/ComfyUI-Manager/__init__.py", line 2338, in get_cache
[2024-02-05 02:07]     json_obj = await get_data(uri, True)
[2024-02-05 02:07]   File "/Users/aoneko/Documents/Stable Diffusion/Blender_ComfyUI/ComfyUI/custom_nodes/ComfyUI-Manager/__init__.py", line 541, in get_data
[2024-02-05 02:07]     async with session.get(uri) as resp:
[2024-02-05 02:07]   File "/Users/aoneko/Documents/Stable Diffusion/stable-diffusion-webui/venv/lib/python3.10/site-packages/aiohttp/client.py", line 1194, in __aenter__
[2024-02-05 02:07]     self._resp = await self._coro
[2024-02-05 02:07]   File "/Users/aoneko/Documents/Stable Diffusion/stable-diffusion-webui/venv/lib/python3.10/site-packages/aiohttp/client.py", line 578, in _request
[2024-02-05 02:07]     conn = await self._connector.connect(
[2024-02-05 02:07]   File "/Users/aoneko/Documents/Stable Diffusion/stable-diffusion-webui/venv/lib/python3.10/site-packages/aiohttp/connector.py", line 544, in connect
[2024-02-05 02:07]     proto = await self._create_connection(req, traces, timeout)
[2024-02-05 02:07]   File "/Users/aoneko/Documents/Stable Diffusion/stable-diffusion-webui/venv/lib/python3.10/site-packages/aiohttp/connector.py", line 911, in _create_connection
[2024-02-05 02:07]     _, proto = await self._create_direct_connection(req, traces, timeout)
[2024-02-05 02:07]   File "/Users/aoneko/Documents/Stable Diffusion/stable-diffusion-webui/venv/lib/python3.10/site-packages/aiohttp/connector.py", line 1235, in _create_direct_connection
[2024-02-05 02:07]     raise last_exc
[2024-02-05 02:07]   File "/Users/aoneko/Documents/Stable Diffusion/stable-diffusion-webui/venv/lib/python3.10/site-packages/aiohttp/connector.py", line 1204, in _create_direct_connection
[2024-02-05 02:07]     transp, proto = await self._wrap_create_connection(
[2024-02-05 02:07]   File "/Users/aoneko/Documents/Stable Diffusion/stable-diffusion-webui/venv/lib/python3.10/site-packages/aiohttp/connector.py", line 1000, in _wrap_create_connection
[2024-02-05 02:07]     raise client_error(req.connection_key, exc) from exc
[2024-02-05 02:07] aiohttp.client_exceptions.ClientConnectorError: Cannot connect to host raw.githubusercontent.com:443 ssl:default [Connect call failed ('0.0.0.0', 443)]
[2024-02-05 02:07] [ComfyUI_zfkun] [93m"Pillow" is not installed. Trying to install.[0m
[2024-02-05 02:07] [ComfyUI_zfkun] [92m"Pillow" is installed[0m
[2024-02-05 02:07] [ComfyUI_zfkun] [92mall dependency installed[0m
[2024-02-05 02:07] [ComfyUI_zfkun] [1;35mcheck end[0m
[2024-02-05 02:07] [ComfyUI_zfkun] [1;35mboot start[0m
[2024-02-05 02:07] [ComfyUI_zfkun] [92mnode install: preview_text.js[0m
[2024-02-05 02:07] [ComfyUI_zfkun] [92mnode install: share_screen.js[0m
[2024-02-05 02:07] [ComfyUI_zfkun] [92mnode install: preview_text_multiline.js[0m
[2024-02-05 02:07] [ComfyUI_zfkun] [1;35mboot end[0m
[2024-02-05 02:07] [34mWAS Node Suite: [0mBlenderNeko's Advanced CLIP Text Encode found, attempting to enable `CLIPTextEncode` support.[0m
[2024-02-05 02:07] [34mWAS Node Suite: [0m`CLIPTextEncode (BlenderNeko Advanced + NSP)` node enabled under `WAS Suite/Conditioning` menu.[0m
[2024-02-05 02:07] [34mWAS Node Suite: [0mOpenCV Python FFMPEG support is enabled[0m
[2024-02-05 02:07] [34mWAS Node Suite [93mWarning: [0m`ffmpeg_bin_path` is not set in `/Users/aoneko/Documents/Stable Diffusion/Blender_ComfyUI/ComfyUI/custom_nodes/was-node-suite-comfyui/was_suite_config.json` config file. Will attempt to use system ffmpeg binaries if available.[0m
[2024-02-05 02:07] [34mWAS Node Suite: [0mFinished.[0m [32mLoaded[0m [0m212[0m [32mnodes successfully.[0m
[2024-02-05 02:07] 
	[3m[93m"Art is a harmony parallel with nature."[0m[3m - Paul CÃ©zanne[0m
[2024-02-05 02:07] 
[2024-02-05 02:07] 
[2024-02-05 02:07] [92m[rgthree] Loaded 33 magnificent nodes.[0m
[2024-02-05 02:07] [92m[rgthree] Will use rgthree's optimized recursive execution.[0m
[2024-02-05 02:07] 
[2024-02-05 02:07] ### Loading: ComfyUI-Impact-Pack (V4.73.3)
[2024-02-05 02:07] ### Loading: ComfyUI-Impact-Pack (Subpack: V0.2.4)
[2024-02-05 02:07] Config Export Error[Errno 2] No such file or directory: 'C:/Users/DorotaL/AppData/Roaming/Blender Foundation/Blender/4.0/scripts/addons/ComfyUI-BlenderAI-node/SDNode/PATH_CFG.json'[Impact Pack] Wildcards loading done.
[2024-02-05 02:07] ### Loading: ComfyUI-Inspire-Pack (V0.63)
[2024-02-05 02:07] [36;20m[comfyui_controlnet_aux] | INFO -> Using ckpts path: /Users/aoneko/Documents/Stable Diffusion/Blender_ComfyUI/ComfyUI/custom_nodes/comfyui_controlnet_aux/ckpts[0m
[2024-02-05 02:07] [36;20m[comfyui_controlnet_aux] | INFO -> Using symlinks: False[0m
[2024-02-05 02:07] [36;20m[comfyui_controlnet_aux] | INFO -> Using ort providers: ['CUDAExecutionProvider', 'DirectMLExecutionProvider', 'OpenVINOExecutionProvider', 'ROCMExecutionProvider', 'CPUExecutionProvider', 'CoreMLExecutionProvider'][0m
[2024-02-05 02:07] DWPose: Onnxruntime with acceleration providers detected
[2024-02-05 02:07] [AnimateDiffEvo] - [0;31mERROR[0m - No motion models found. Please download one and place in: ['/Users/aoneko/Documents/Stable Diffusion/Blender_ComfyUI/ComfyUI/custom_nodes/ComfyUI-AnimateDiff-Evolved/models', '/Users/aoneko/Documents/Stable Diffusion/Blender_ComfyUI/ComfyUI/models/animatediff_models']
[2024-02-05 02:07] Traceback (most recent call last):
  File "/Users/aoneko/Documents/Stable Diffusion/Blender_ComfyUI/ComfyUI/nodes.py", line 1810, in load_custom_node
    module_spec.loader.exec_module(module)
  File "<frozen importlib._bootstrap_external>", line 883, in exec_module
  File "<frozen importlib._bootstrap>", line 241, in _call_with_frames_removed
  File "/Users/aoneko/Documents/Stable Diffusion/Blender_ComfyUI/ComfyUI/custom_nodes/comfy-qr/__init__.py", line 1, in <module>
    from .qr_nodes import NODE_CLASS_MAPPINGS, NODE_DISPLAY_NAME_MAPPINGS
  File "/Users/aoneko/Documents/Stable Diffusion/Blender_ComfyUI/ComfyUI/custom_nodes/comfy-qr/qr_nodes.py", line 2, in <module>
    import qrcode
ModuleNotFoundError: No module named 'qrcode'
[2024-02-05 02:07] 
[2024-02-05 02:07] Cannot import /Users/aoneko/Documents/Stable Diffusion/Blender_ComfyUI/ComfyUI/custom_nodes/comfy-qr module for custom nodes: No module named 'qrcode'
[2024-02-05 02:07] Traceback (most recent call last):
  File "/Users/aoneko/Documents/Stable Diffusion/Blender_ComfyUI/ComfyUI/nodes.py", line 1810, in load_custom_node
    module_spec.loader.exec_module(module)
  File "<frozen importlib._bootstrap_external>", line 883, in exec_module
  File "<frozen importlib._bootstrap>", line 241, in _call_with_frames_removed
  File "/Users/aoneko/Documents/Stable Diffusion/Blender_ComfyUI/ComfyUI/custom_nodes/ComfyUI_FizzNodes/__init__.py", line 57, in <module>
    from .ScheduledNodes import (
  File "/Users/aoneko/Documents/Stable Diffusion/Blender_ComfyUI/ComfyUI/custom_nodes/ComfyUI_FizzNodes/ScheduledNodes.py", line 4, in <module>
    import numexpr
ModuleNotFoundError: No module named 'numexpr'
[2024-02-05 02:07] 
[2024-02-05 02:07] Cannot import /Users/aoneko/Documents/Stable Diffusion/Blender_ComfyUI/ComfyUI/custom_nodes/ComfyUI_FizzNodes module for custom nodes: No module named 'numexpr'
[2024-02-05 02:07] [34mDavemane42 Custom Nodes: [92mLoaded[0m
[2024-02-05 02:07] [VideoHelperSuite] - [0;33mWARNING[0m - Failed to import imageio_ffmpeg
[2024-02-05 02:07] [VideoHelperSuite] - [0;31mERROR[0m - No valid ffmpeg found.
[2024-02-05 02:07] [36mEfficiency Nodes:[0m Attempting to add Control Net options to the 'HiRes-Fix Script' Node (comfyui_controlnet_aux add-on)...[92mSuccess![0m
[2024-02-05 02:07] [36mEfficiency Nodes:[0m Attempting to add 'AnimatedDiff Script' Node (ComfyUI-AnimateDiff-Evolved add-on)...[36mEfficiency Nodes:[0m Attempting to add 'AnimatedDiff Script' Node (ComfyUI-AnimateDiff-Evolved add-on)...[91mFailed![0m
[2024-02-05 02:07] [93mEfficiency Nodes Warning:[0m Failed to import python package 'simpleeval'; related nodes disabled.
[2024-02-05 02:07] 
[2024-02-05 02:07] ------------------------------------------
[2024-02-05 02:07] [34mComfyroll Studio v1.76 : [92m 175 Nodes Loaded[0m
[2024-02-05 02:07] ------------------------------------------
[2024-02-05 02:07] ** For changes, please see patch notes at https://github.com/Suzie1/ComfyUI_Comfyroll_CustomNodes/blob/main/Patch_Notes.md
[2024-02-05 02:07] ** For help, please see the wiki at https://github.com/Suzie1/ComfyUI_Comfyroll_CustomNodes/wiki
[2024-02-05 02:07] ------------------------------------------
[2024-02-05 02:07] [agl/register error]: [Errno 17] File exists: '/Users/aoneko/Documents/Stable Diffusion/Blender_ComfyUI/ComfyUI/web/extensions/AIGODLIKE-COMFYUI-TRANSLATION'
[2024-02-05 02:07] [1;35m### [START] ComfyUI AlekPet Nodes ###[0m
[2024-02-05 02:07] [92mNode -> PainterNode [Loading][0m
[2024-02-05 02:07] [92mNode -> PoseNode [Loading][0m
[2024-02-05 02:07] [92mNode -> ArgosTranslateNode [Loading][0m
[2024-02-05 02:07] [92mNode -> TranslateNode [Loading][0m
[2024-02-05 02:07] [92mNode -> ExtrasNode [Loading][0m
[2024-02-05 02:07] [1;35m### [END] ComfyUI AlekPet Nodes ###[0m
[2024-02-05 02:07] [92m[tinyterraNodes] [32mLoaded[0m
[2024-02-05 02:07] 
Import times for custom nodes:
[2024-02-05 02:07]    0.0 seconds: /Users/aoneko/Documents/Stable Diffusion/Blender_ComfyUI/ComfyUI/custom_nodes/ComfyUI_LatentToRGB
[2024-02-05 02:07]    0.0 seconds: /Users/aoneko/Documents/Stable Diffusion/Blender_ComfyUI/ComfyUI/custom_nodes/ControlNet-LLLite-ComfyUI
[2024-02-05 02:07]    0.0 seconds: /Users/aoneko/Documents/Stable Diffusion/Blender_ComfyUI/ComfyUI/custom_nodes/ComfyUI_ADV_CLIP_emb
[2024-02-05 02:07]    0.0 seconds: /Users/aoneko/Documents/Stable Diffusion/Blender_ComfyUI/ComfyUI/custom_nodes/ComfyUI_FastVAEDecorder_SDXL
[2024-02-05 02:07]    0.0 seconds: /Users/aoneko/Documents/Stable Diffusion/Blender_ComfyUI/ComfyUI/custom_nodes/ComfyUI_fabric
[2024-02-05 02:07]    0.0 seconds: /Users/aoneko/Documents/Stable Diffusion/Blender_ComfyUI/ComfyUI/custom_nodes/ComfyUI_Noise
[2024-02-05 02:07]    0.0 seconds: /Users/aoneko/Documents/Stable Diffusion/Blender_ComfyUI/ComfyUI/custom_nodes/AIGODLIKE-COMFYUI-TRANSLATION
[2024-02-05 02:07]    0.0 seconds: /Users/aoneko/Documents/Stable Diffusion/Blender_ComfyUI/ComfyUI/custom_nodes/cup.py
[2024-02-05 02:07]    0.0 seconds: /Users/aoneko/Documents/Stable Diffusion/Blender_ComfyUI/ComfyUI/custom_nodes/ComfyUI_TiledKSampler
[2024-02-05 02:07]    0.0 seconds: /Users/aoneko/Documents/Stable Diffusion/Blender_ComfyUI/ComfyUI/custom_nodes/ComfyUI_Cutoff
[2024-02-05 02:07]    0.0 seconds: /Users/aoneko/Documents/Stable Diffusion/Blender_ComfyUI/ComfyUI/custom_nodes/cg-use-everywhere
[2024-02-05 02:07]    0.0 seconds: /Users/aoneko/Documents/Stable Diffusion/Blender_ComfyUI/ComfyUI/custom_nodes/sd-dynamic-thresholding
[2024-02-05 02:07]    0.0 seconds: /Users/aoneko/Documents/Stable Diffusion/Blender_ComfyUI/ComfyUI/custom_nodes/IPAdapter-ComfyUI
[2024-02-05 02:07]    0.0 seconds: /Users/aoneko/Documents/Stable Diffusion/Blender_ComfyUI/ComfyUI/custom_nodes/ComfyUI_experiments
[2024-02-05 02:07]    0.0 seconds: /Users/aoneko/Documents/Stable Diffusion/Blender_ComfyUI/ComfyUI/custom_nodes/ComfyUI-post-processing-nodes
[2024-02-05 02:07]    0.0 seconds (IMPORT FAILED): /Users/aoneko/Documents/Stable Diffusion/Blender_ComfyUI/ComfyUI/custom_nodes/comfy-qr
[2024-02-05 02:07]    0.0 seconds: /Users/aoneko/Documents/Stable Diffusion/Blender_ComfyUI/ComfyUI/custom_nodes/ComfyUI_Dave_CustomNode
[2024-02-05 02:07]    0.0 seconds: /Users/aoneko/Documents/Stable Diffusion/Blender_ComfyUI/ComfyUI/custom_nodes/Cup-ClipBoard
[2024-02-05 02:07]    0.0 seconds: /Users/aoneko/Documents/Stable Diffusion/Blender_ComfyUI/ComfyUI/custom_nodes/sdxl_prompt_styler
[2024-02-05 02:07]    0.0 seconds: /Users/aoneko/Documents/Stable Diffusion/Blender_ComfyUI/ComfyUI/custom_nodes/cg-image-picker
[2024-02-05 02:07]    0.0 seconds: /Users/aoneko/Documents/Stable Diffusion/Blender_ComfyUI/ComfyUI/custom_nodes/ComfyMath
[2024-02-05 02:07]    0.0 seconds (IMPORT FAILED): /Users/aoneko/Documents/Stable Diffusion/Blender_ComfyUI/ComfyUI/custom_nodes/ComfyUI_FizzNodes
[2024-02-05 02:07]    0.0 seconds: /Users/aoneko/Documents/Stable Diffusion/Blender_ComfyUI/ComfyUI/custom_nodes/comfyui-portrait-master
[2024-02-05 02:07]    0.0 seconds: /Users/aoneko/Documents/Stable Diffusion/Blender_ComfyUI/ComfyUI/custom_nodes/comfyui_dagthomas
[2024-02-05 02:07]    0.0 seconds: /Users/aoneko/Documents/Stable Diffusion/Blender_ComfyUI/ComfyUI/custom_nodes/ComfyUI_UltimateSDUpscale
[2024-02-05 02:07]    0.0 seconds: /Users/aoneko/Documents/Stable Diffusion/Blender_ComfyUI/ComfyUI/custom_nodes/efficiency-nodes-comfyui
[2024-02-05 02:07]    0.0 seconds: /Users/aoneko/Documents/Stable Diffusion/Blender_ComfyUI/ComfyUI/custom_nodes/ComfyUI-VideoHelperSuite
[2024-02-05 02:07]    0.0 seconds: /Users/aoneko/Documents/Stable Diffusion/Blender_ComfyUI/ComfyUI/custom_nodes/rgthree-comfy
[2024-02-05 02:07]    0.0 seconds: /Users/aoneko/Documents/Stable Diffusion/Blender_ComfyUI/ComfyUI/custom_nodes/ComfyUI-Inspire-Pack
[2024-02-05 02:07]    0.0 seconds: /Users/aoneko/Documents/Stable Diffusion/Blender_ComfyUI/ComfyUI/custom_nodes/ComfyUI_IPAdapter_plus
[2024-02-05 02:07]    0.0 seconds: /Users/aoneko/Documents/Stable Diffusion/Blender_ComfyUI/ComfyUI/custom_nodes/ComfyUI-Custom-Scripts
[2024-02-05 02:07]    0.0 seconds: /Users/aoneko/Documents/Stable Diffusion/Blender_ComfyUI/ComfyUI/custom_nodes/ComfyUI-Advanced-ControlNet
[2024-02-05 02:07]    0.0 seconds: /Users/aoneko/Documents/Stable Diffusion/Blender_ComfyUI/ComfyUI/custom_nodes/ComfyUI_tinyterraNodes
[2024-02-05 02:07]    0.0 seconds: /Users/aoneko/Documents/Stable Diffusion/Blender_ComfyUI/ComfyUI/custom_nodes/ComfyUI-WD14-Tagger
[2024-02-05 02:07]    0.0 seconds: /Users/aoneko/Documents/Stable Diffusion/Blender_ComfyUI/ComfyUI/custom_nodes/ComfyUI-AnimateDiff-Evolved
[2024-02-05 02:07]    0.1 seconds: /Users/aoneko/Documents/Stable Diffusion/Blender_ComfyUI/ComfyUI/custom_nodes/ComfyUI_Comfyroll_CustomNodes
[2024-02-05 02:07]    0.1 seconds: /Users/aoneko/Documents/Stable Diffusion/Blender_ComfyUI/ComfyUI/custom_nodes/ComfyUI-Manager
[2024-02-05 02:07]    0.1 seconds: /Users/aoneko/Documents/Stable Diffusion/Blender_ComfyUI/ComfyUI/custom_nodes/ComfyUI-NegiTools
[2024-02-05 02:07]    0.3 seconds: /Users/aoneko/Documents/Stable Diffusion/Blender_ComfyUI/ComfyUI/custom_nodes/comfyui-dynamicprompts
[2024-02-05 02:07]    0.4 seconds: /Users/aoneko/Documents/Stable Diffusion/Blender_ComfyUI/ComfyUI/custom_nodes/comfyui_controlnet_aux
[2024-02-05 02:07]    0.6 seconds: /Users/aoneko/Documents/Stable Diffusion/Blender_ComfyUI/ComfyUI/custom_nodes/ComfyUI-Impact-Pack
[2024-02-05 02:07]    0.7 seconds: /Users/aoneko/Documents/Stable Diffusion/Blender_ComfyUI/ComfyUI/custom_nodes/was-node-suite-comfyui
[2024-02-05 02:07]    1.2 seconds: /Users/aoneko/Documents/Stable Diffusion/Blender_ComfyUI/ComfyUI/custom_nodes/comfyui_segment_anything
[2024-02-05 02:07]    1.6 seconds: /Users/aoneko/Documents/Stable Diffusion/Blender_ComfyUI/ComfyUI/custom_nodes/ComfyUI_zfkun
[2024-02-05 02:07]    2.2 seconds: /Users/aoneko/Documents/Stable Diffusion/Blender_ComfyUI/ComfyUI/custom_nodes/ComfyUI_Custom_Nodes_AlekPet
[2024-02-05 02:07]    2.8 seconds: /Users/aoneko/Documents/Stable Diffusion/Blender_ComfyUI/ComfyUI/custom_nodes/clipseg.py
[2024-02-05 02:07] 
[2024-02-05 02:07] Starting server
[2024-02-05 02:07] 
[2024-02-05 02:07] To see the GUI go to: http://127.0.0.1:8188
[2024-02-05 02:07] Exception in thread Thread-4 (diff_listen_loop):
[2024-02-05 02:07] Traceback (most recent call last):
[2024-02-05 02:07]   File "/Library/Frameworks/Python.framework/Versions/3.10/lib/python3.10/threading.py", line 1009, in _bootstrap_inner
[2024-02-05 02:07]     self.run()
[2024-02-05 02:07]   File "/Library/Frameworks/Python.framework/Versions/3.10/lib/python3.10/threading.py", line 946, in run
[2024-02-05 02:07]     self._target(*self._args, **self._kwargs)
[2024-02-05 02:07]   File "/Users/aoneko/Documents/Stable Diffusion/Blender_ComfyUI/ComfyUI/custom_nodes/cup.py", line 164, in diff_listen_loop
[2024-02-05 02:07]     update_cached_nodes()
[2024-02-05 02:07]   File "/Users/aoneko/Documents/Stable Diffusion/Blender_ComfyUI/ComfyUI/custom_nodes/cup.py", line 157, in update_cached_nodes
[2024-02-05 02:07]     with HOST_PATH.joinpath("diff_object_info.json").open("w+") as fp:
[2024-02-05 02:07]   File "/Library/Frameworks/Python.framework/Versions/3.10/lib/python3.10/pathlib.py", line 1117, in open
[2024-02-05 02:07]     return self._accessor.open(self, mode, buffering, encoding, errors,
[2024-02-05 02:07] FileNotFoundError: [Errno 2] No such file or directory: 'C:/Users/DorotaL/AppData/Roaming/Blender Foundation/Blender/4.0/scripts/addons/ComfyUI-BlenderAI-node/SDNode/diff_object_info.json'
[2024-02-05 02:07] FETCH DATA from: /Users/aoneko/Documents/Stable Diffusion/Blender_ComfyUI/ComfyUI/custom_nodes/ComfyUI-Manager/.cache/1514988643_custom-node-list.json
[2024-02-05 02:07] Start update check...[2KUpdate check done.
[2024-02-05 02:07] FETCH DATA from: /Users/aoneko/Documents/Stable Diffusion/Blender_ComfyUI/ComfyUI/custom_nodes/ComfyUI-Manager/.cache/1742899825_extension-node-map.json
[2024-02-05 02:07] Update custom node 'ComfyUI-Advanced-ControlNet'
[2024-02-05 02:07] Update: ['https://github.com/Kosinkadink/ComfyUI-Advanced-ControlNet']
[2024-02-05 02:07] path=/Users/aoneko/Documents/Stable Diffusion/Blender_ComfyUI/ComfyUI/custom_nodes/ComfyUI-Advanced-ControlNet / repo.is_dirty: False
[2024-02-05 02:09] Update(git-clone) error: https://github.com/Kosinkadink/ComfyUI-Advanced-ControlNet / Cmd('git') failed due to: exit code(1)
  cmdline: git pull -v -- origin
  stderr: 'error: RPC failed; curl 28 Failed to connect to github.com port 443 after 75001 ms: Couldn't connect to server
fatal: expected flush after ref listing'
[2024-02-05 02:09] FETCH DATA from: /Users/aoneko/Documents/Stable Diffusion/Blender_ComfyUI/ComfyUI/custom_nodes/ComfyUI-Manager/.cache/1514988643_custom-node-list.json
[2024-02-05 02:09] Start update check...[2KUpdate check done.
[2024-02-05 02:09] FETCH DATA from: /Users/aoneko/Documents/Stable Diffusion/Blender_ComfyUI/ComfyUI/custom_nodes/ComfyUI-Manager/.cache/1742899825_extension-node-map.json
[2024-02-05 02:24] Update custom node 'ComfyUI-VideoHelperSuite'
[2024-02-05 02:24] Update: ['https://github.com/Kosinkadink/ComfyUI-VideoHelperSuite']
[2024-02-05 02:24] path=/Users/aoneko/Documents/Stable Diffusion/Blender_ComfyUI/ComfyUI/custom_nodes/ComfyUI-VideoHelperSuite / repo.is_dirty: False
[2024-02-05 02:24] Update(git-clone) error: https://github.com/Kosinkadink/ComfyUI-VideoHelperSuite / Cmd('git') failed due to: exit code(1)
  cmdline: git pull -v -- origin
  stderr: 'error: The following untracked working tree files would be overwritten by merge:'
[2024-02-05 02:24] FETCH DATA from: /Users/aoneko/Documents/Stable Diffusion/Blender_ComfyUI/ComfyUI/custom_nodes/ComfyUI-Manager/.cache/1514988643_custom-node-list.json
[2024-02-05 02:24] Start update check...[2KUpdate check done.
[2024-02-05 02:24] FETCH DATA from: /Users/aoneko/Documents/Stable Diffusion/Blender_ComfyUI/ComfyUI/custom_nodes/ComfyUI-Manager/.cache/1742899825_extension-node-map.json
